  Assembling P_35_UsoVariables_parte1.asm...
P0_Check.obj : warning LNK4258: la directiva '/ENTRY:main0@0' no es compatible con el modificador '/ENTRY:main35'; se ha omitido
P10_MUL_parte3.obj : warning LNK4258: la directiva '/ENTRY:main10@0' no es compatible con el modificador '/ENTRY:main35'; se ha omitido
P11_DIV.obj : warning LNK4258: la directiva '/ENTRY:main11@0' no es compatible con el modificador '/ENTRY:main35'; se ha omitido
P12_DIV_parte2.obj : warning LNK4258: la directiva '/ENTRY:main12@0' no es compatible con el modificador '/ENTRY:main35'; se ha omitido
P13_DIV_parte3.obj : warning LNK4258: la directiva '/ENTRY:main13@0' no es compatible con el modificador '/ENTRY:main35'; se ha omitido
P14_ImpresionTexto.obj : warning LNK4258: la directiva '/ENTRY:main14@0' no es compatible con el modificador '/ENTRY:main35'; se ha omitido
P15_ImpresionNumero.obj : warning LNK4258: la directiva '/ENTRY:main15@0' no es compatible con el modificador '/ENTRY:main35'; se ha omitido
P16_LecturaNumero.obj : warning LNK4258: la directiva '/ENTRY:main16@0' no es compatible con el modificador '/ENTRY:main35'; se ha omitido
P17_Promedio3Nums.obj : warning LNK4258: la directiva '/ENTRY:main17@0' no es compatible con el modificador '/ENTRY:main35'; se ha omitido
P18_XalCuadrado.obj : warning LNK4258: la directiva '/ENTRY:main18@0' no es compatible con el modificador '/ENTRY:main35'; se ha omitido
P19_IntercambioValores.obj : warning LNK4258: la directiva '/ENTRY:main19@0' no es compatible con el modificador '/ENTRY:main35'; se ha omitido
P1_MOV.obj : warning LNK4258: la directiva '/ENTRY:main1@0' no es compatible con el modificador '/ENTRY:main35'; se ha omitido
P20_SaltosIncondicionales.obj : warning LNK4258: la directiva '/ENTRY:main20@0' no es compatible con el modificador '/ENTRY:main35'; se ha omitido
P21_SaltoCondicional_Parte1.obj : warning LNK4258: la directiva '/ENTRY:main21@0' no es compatible con el modificador '/ENTRY:main35'; se ha omitido
P22_SaltoCondicional_Parte2.obj : warning LNK4258: la directiva '/ENTRY:main22@0' no es compatible con el modificador '/ENTRY:main35'; se ha omitido
P23_SaltoCondicional_Parte3.obj : warning LNK4258: la directiva '/ENTRY:main23@0' no es compatible con el modificador '/ENTRY:main35'; se ha omitido
P24_SaltoCondicionales_Ej.obj : warning LNK4258: la directiva '/ENTRY:main24@0' no es compatible con el modificador '/ENTRY:main35'; se ha omitido
P28_CicloEjemplo.obj : warning LNK4258: la directiva '/ENTRY:main28@0' no es compatible con el modificador '/ENTRY:main35'; se ha omitido
P2_MOV_parte2.obj : warning LNK4258: la directiva '/ENTRY:main2@0' no es compatible con el modificador '/ENTRY:main35'; se ha omitido
P31_LoopNumsPares.obj : warning LNK4258: la directiva '/ENTRY:main31@0' no es compatible con el modificador '/ENTRY:main35'; se ha omitido
P3_MOV_parte3.obj : warning LNK4258: la directiva '/ENTRY:main3@0' no es compatible con el modificador '/ENTRY:main35'; se ha omitido
P4_MOV_parte4.obj : warning LNK4258: la directiva '/ENTRY:main4@0' no es compatible con el modificador '/ENTRY:main35'; se ha omitido
P5_ADD.obj : warning LNK4258: la directiva '/ENTRY:main5@0' no es compatible con el modificador '/ENTRY:main35'; se ha omitido
P6_ADD_parte2.obj : warning LNK4258: la directiva '/ENTRY:main6@0' no es compatible con el modificador '/ENTRY:main35'; se ha omitido
P7_SUB.obj : warning LNK4258: la directiva '/ENTRY:main7@0' no es compatible con el modificador '/ENTRY:main35'; se ha omitido
P8_MUL.obj : warning LNK4258: la directiva '/ENTRY:main8@0' no es compatible con el modificador '/ENTRY:main35'; se ha omitido
P9_MUL_parte2.obj : warning LNK4258: la directiva '/ENTRY:main9@0' no es compatible con el modificador '/ENTRY:main35'; se ha omitido
P25_SaltoCond_Ejemplo.obj : warning LNK4258: la directiva '/ENTRY:main25@0' no es compatible con el modificador '/ENTRY:main35'; se ha omitido
P_26_SaltosComoCiclos.obj : warning LNK4258: la directiva '/ENTRY:main26@0' no es compatible con el modificador '/ENTRY:main35'; se ha omitido
P_27_Ciclos_Parte2.obj : warning LNK4258: la directiva '/ENTRY:main27@0' no es compatible con el modificador '/ENTRY:main35'; se ha omitido
P_29_TablaMultiplicar.obj : warning LNK4258: la directiva '/ENTRY:main29@0' no es compatible con el modificador '/ENTRY:main35'; se ha omitido
P_30_LOOP_.obj : warning LNK4258: la directiva '/ENTRY:main30@0' no es compatible con el modificador '/ENTRY:main35'; se ha omitido
P_32_CiclosAnidados_parte1.obj : warning LNK4258: la directiva '/ENTRY:main32@0' no es compatible con el modificador '/ENTRY:main35'; se ha omitido
P_33_CiclosAnidados_parte2.obj : warning LNK4258: la directiva '/ENTRY:main33@0' no es compatible con el modificador '/ENTRY:main35'; se ha omitido
P_34_CiclosAnidados_parte3.obj : warning LNK4258: la directiva '/ENTRY:main34@0' no es compatible con el modificador '/ENTRY:main35'; se ha omitido
P_35_UsoVariables_parte1.obj : warning LNK4258: la directiva '/ENTRY:main35@0' no es compatible con el modificador '/ENTRY:main35'; se ha omitido
  PM_0_ProgramasClase_U2.vcxproj -> C:\Users\Alejandro_GarciaRuiz\source\repos\PM_0_ProgramasClase_U2\Debug\PM_0_ProgramasClase_U2.exe
